0 info it worked if it ends with ok
1 verbose cli [ 'C:\\Program Files\\nodejs\\node.exe',
1 verbose cli   'C:\\Program Files\\nodejs\\node_modules\\npm\\bin\\npm-cli.js',
1 verbose cli   'install',
1 verbose cli   'nodemailer',
1 verbose cli   '--save' ]
2 info using npm@3.10.10
3 info using node@v6.10.3
4 silly loadCurrentTree Starting
5 silly install loadCurrentTree
6 silly install readLocalPackageData
7 silly fetchPackageMetaData nodemailer
8 silly fetchNamedPackageData nodemailer
9 silly mapToRegistry name nodemailer
10 silly mapToRegistry using default registry
11 silly mapToRegistry registry https://registry.npmjs.org/
12 silly mapToRegistry data Result {
12 silly mapToRegistry   raw: 'nodemailer',
12 silly mapToRegistry   scope: null,
12 silly mapToRegistry   escapedName: 'nodemailer',
12 silly mapToRegistry   name: 'nodemailer',
12 silly mapToRegistry   rawSpec: '',
12 silly mapToRegistry   spec: 'latest',
12 silly mapToRegistry   type: 'tag' }
13 silly mapToRegistry uri https://registry.npmjs.org/nodemailer
14 verbose request uri https://registry.npmjs.org/nodemailer
15 verbose request no auth needed
16 info attempt registry request try #1 at 11:32:24
17 verbose request id 5ac14e8060db1653
18 http request GET https://registry.npmjs.org/nodemailer
19 http 200 https://registry.npmjs.org/nodemailer
20 verbose headers { 'content-type': 'application/json; charset=UTF-8',
20 verbose headers   server: 'UploadServer',
20 verbose headers   'cache-control': 'max-age=300',
20 verbose headers   'last-modified': 'Sat, 31 Mar 2018 13:34:39 GMT',
20 verbose headers   etag: '"5abf8e6f-487c3"',
20 verbose headers   'x-npm-region': 'US-East',
20 verbose headers   'content-encoding': 'gzip',
20 verbose headers   'content-length': '27129',
20 verbose headers   'accept-ranges': 'bytes',
20 verbose headers   date: 'Wed, 25 Apr 2018 16:32:27 GMT',
20 verbose headers   via: '1.1 varnish',
20 verbose headers   age: '3552',
20 verbose headers   connection: 'keep-alive',
20 verbose headers   'x-served-by': 'cache-mia17634-MIA',
20 verbose headers   'x-cache': 'HIT',
20 verbose headers   'x-cache-hits': '3',
20 verbose headers   'x-timer': 'S1524673947.454785,VS0,VE0',
20 verbose headers   vary: 'Accept-Encoding, Accept' }
21 silly get cb [ 200,
21 silly get   { 'content-type': 'application/json; charset=UTF-8',
21 silly get     server: 'UploadServer',
21 silly get     'cache-control': 'max-age=300',
21 silly get     'last-modified': 'Sat, 31 Mar 2018 13:34:39 GMT',
21 silly get     etag: '"5abf8e6f-487c3"',
21 silly get     'x-npm-region': 'US-East',
21 silly get     'content-encoding': 'gzip',
21 silly get     'content-length': '27129',
21 silly get     'accept-ranges': 'bytes',
21 silly get     date: 'Wed, 25 Apr 2018 16:32:27 GMT',
21 silly get     via: '1.1 varnish',
21 silly get     age: '3552',
21 silly get     connection: 'keep-alive',
21 silly get     'x-served-by': 'cache-mia17634-MIA',
21 silly get     'x-cache': 'HIT',
21 silly get     'x-cache-hits': '3',
21 silly get     'x-timer': 'S1524673947.454785,VS0,VE0',
21 silly get     vary: 'Accept-Encoding, Accept' } ]
22 verbose get saving nodemailer to C:\Users\jemez\AppData\Roaming\npm-cache\registry.npmjs.org\nodemailer\.cache.json
23 verbose correctMkdir C:\Users\jemez\AppData\Roaming\npm-cache correctMkdir not in flight; initializing
24 silly install normalizeTree
25 silly loadCurrentTree Finishing
26 silly loadIdealTree Starting
27 silly install loadIdealTree
28 silly cloneCurrentTree Starting
29 silly install cloneCurrentTreeToIdealTree
30 silly cloneCurrentTree Finishing
31 silly loadShrinkwrap Starting
32 silly install loadShrinkwrap
33 silly loadShrinkwrap Finishing
34 silly loadAllDepsIntoIdealTree Starting
35 silly install loadAllDepsIntoIdealTree
36 silly rollbackFailedOptional Starting
37 silly rollbackFailedOptional Finishing
38 silly runTopLevelLifecycles Finishing
39 silly install printInstalled
40 verbose stack Error: Refusing to install nodemailer as a dependency of itself
40 verbose stack     at checkSelf (C:\Program Files\nodejs\node_modules\npm\lib\install\validate-args.js:53:14)
40 verbose stack     at Array.<anonymous> (C:\Program Files\nodejs\node_modules\npm\node_modules\slide\lib\bind-actor.js:15:8)
40 verbose stack     at LOOP (C:\Program Files\nodejs\node_modules\npm\node_modules\slide\lib\chain.js:15:14)
40 verbose stack     at chain (C:\Program Files\nodejs\node_modules\npm\node_modules\slide\lib\chain.js:20:5)
40 verbose stack     at C:\Program Files\nodejs\node_modules\npm\lib\install\validate-args.js:16:5
40 verbose stack     at C:\Program Files\nodejs\node_modules\npm\node_modules\slide\lib\async-map.js:52:35
40 verbose stack     at Array.forEach (native)
40 verbose stack     at C:\Program Files\nodejs\node_modules\npm\node_modules\slide\lib\async-map.js:52:11
40 verbose stack     at Array.forEach (native)
40 verbose stack     at asyncMap (C:\Program Files\nodejs\node_modules\npm\node_modules\slide\lib\async-map.js:51:8)
41 verbose cwd C:\Users\jemez\Desktop\Courses\nodemailer
42 error Windows_NT 10.0.16299
43 error argv "C:\\Program Files\\nodejs\\node.exe" "C:\\Program Files\\nodejs\\node_modules\\npm\\bin\\npm-cli.js" "install" "nodemailer" "--save"
44 error node v6.10.3
45 error npm  v3.10.10
46 error code ENOSELF
47 error Refusing to install nodemailer as a dependency of itself
48 error If you need help, you may report this error at:
48 error     <https://github.com/npm/npm/issues>
49 verbose exit [ 1, true ]
